<?xml version="1.0" encoding="UTF-8" standalone="yes"?><!DOCTYPE report PUBLIC "-//JACOCO//DTD Report 1.1//EN" "report.dtd"><report name="app"><sessioninfo id="MacBook-Pro-de-Edmundo.local-390cf39f" start="1673982152600" dump="1673982153025"/><sessioninfo id="MacBook-Pro-de-Edmundo.local-99c792ed" start="1673982153338" dump="1673982153726"/><package name="com/android/example"><class name="com/android/example/UtilsUnitTest" sourcefilename="UtilsUnitTest.kt"><method name="&lt;init&gt;" desc="()V" line="7"><counter type="INSTRUCTION" missed="0" covered="3"/><counter type="LINE" missed="0" covered="1"/><counter type="COMPLEXITY" missed="0" covered="1"/><counter type="METHOD" missed="0" covered="1"/></method><method name="testUniqueID" desc="()V" line="11"><counter type="INSTRUCTION" missed="4" covered="12"/><counter type="BRANCH" missed="2" covered="2"/><counter type="LINE" missed="0" covered="4"/><counter type="COMPLEXITY" missed="2" covered="1"/><counter type="METHOD" missed="0" covered="1"/></method><counter type="INSTRUCTION" missed="4" covered="15"/><counter type="BRANCH" missed="2" covered="2"/><counter type="LINE" missed="0" covered="5"/><counter type="COMPLEXITY" missed="2" covered="2"/><counter type="METHOD" missed="0" covered="2"/><counter type="CLASS" missed="0" covered="1"/></class><sourcefile name="UtilsUnitTest.kt"><line nr="7" mi="0" ci="3" mb="0" cb="0"/><line nr="11" mi="0" ci="3" mb="0" cb="0"/><line nr="12" mi="4" ci="6" mb="2" cb="2"/><line nr="13" mi="0" ci="2" mb="0" cb="0"/><line nr="14" mi="0" ci="1" mb="0" cb="0"/><counter type="INSTRUCTION" missed="4" covered="15"/><counter type="BRANCH" missed="2" covered="2"/><counter type="LINE" missed="0" covered="5"/><counter type="COMPLEXITY" missed="2" covered="2"/><counter type="METHOD" missed="0" covered="2"/><counter type="CLASS" missed="0" covered="1"/></sourcefile><counter type="INSTRUCTION" missed="4" covered="15"/><counter type="BRANCH" missed="2" covered="2"/><counter type="LINE" missed="0" covered="5"/><counter type="COMPLEXITY" missed="2" covered="2"/><counter type="METHOD" missed="0" covered="2"/><counter type="CLASS" missed="0" covered="1"/></package><counter type="INSTRUCTION" missed="4" covered="15"/><counter type="BRANCH" missed="2" covered="2"/><counter type="LINE" missed="0" covered="5"/><counter type="COMPLEXITY" missed="2" covered="2"/><counter type="METHOD" missed="0" covered="2"/><counter type="CLASS" missed="0" covered="1"/></report>